<?xml version="1.0" encoding="UTF-8"?>
<coverage generated="1666219505851" clover="3.2.0">
  <project timestamp="1666219505851" name="All files">
    <metrics statements="23" coveredstatements="21" conditionals="3" coveredconditionals="3" methods="3" coveredmethods="2" elements="29" coveredelements="26" complexity="0" loc="23" ncloc="23" packages="1" files="1" classes="1"/>
    <file name="route.entity.ts" path="/home/isaiasiotti/www/practice/clean-architecture/clean-arch-typescript/src/entities/route.entity.ts">
      <metrics statements="23" coveredstatements="21" conditionals="3" coveredconditionals="3" methods="3" coveredmethods="2"/>
      <line num="1" count="1" type="stmt"/>
      <line num="2" count="1" type="stmt"/>
      <line num="3" count="1" type="stmt"/>
      <line num="4" count="1" type="stmt"/>
      <line num="5" count="1" type="stmt"/>
      <line num="6" count="1" type="stmt"/>
      <line num="7" count="1" type="stmt"/>
      <line num="8" count="1" type="stmt"/>
      <line num="9" count="1" type="stmt"/>
      <line num="10" count="1" type="cond" truecount="1" falsecount="0"/>
      <line num="11" count="1" type="stmt"/>
      <line num="12" count="1" type="stmt"/>
      <line num="13" count="1" type="cond" truecount="1" falsecount="0"/>
      <line num="14" count="2" type="stmt"/>
      <line num="15" count="2" type="stmt"/>
      <line num="16" count="2" type="cond" truecount="1" falsecount="0"/>
      <line num="17" count="2" type="stmt"/>
      <line num="18" count="2" type="stmt"/>
      <line num="19" count="1" type="stmt"/>
      <line num="20" count="1" type="stmt"/>
      <line num="21" count="0" type="stmt"/>
      <line num="22" count="0" type="stmt"/>
      <line num="23" count="1" type="stmt"/>
    </file>
  </project>
</coverage>
